<html>
<body>
<pre>
<h1>Vision Build Log</h1>
<h2>Tool Versions:</h2>
IDE-Version: μVision V5.14.0.0
Copyright (C) 2015 ARM Ltd and ARM Germany GmbH. All rights reserved.
License Information: LGY Dell, LGY, LIC=HF856-DZZXS-VJQ6J-U3ST5-SI4FU-BN541
 
Tool Versions:
Toolchain:       MDK-ARM Professional  Version: 5.14.0.0
Toolchain Path:  C:\Keil_v5\ARM\ARMCC\Bin
C Compiler:      Armcc.exe V5.05 update 1 (build 106)
Assembler:       Armasm.exe V5.05 update 1 (build 106)
Linker/Locator:  ArmLink.exe V5.05 update 1 (build 106)
Library Manager: ArmAr.exe V5.05 update 1 (build 106)
Hex Converter:   FromElf.exe V5.05 update 1 (build 106)
CPU DLL:         SARMCM3.DLL V5.14.0.0
Dialog DLL:      DCM.DLL V1.13.1.0
Target DLL:      Segger\JL2CM3.dll V2.99.13.0
Dialog DLL:      TCM.DLL V1.14.4.0
 
<h2>Project:</h2>
D:\单片机学习\STM32F1\UCOSIII\UCOSIII_F1\USER\TEST.uvprojx
Project File Date:  02/03/2019

<h2>Output:</h2>
Build target 'Target 1'
Clean started - Project: 'TEST'
   deleting intermediate output files for target 'Target 1'
compiling main.c...
C:\Keil_v5\ARM\ARMCC\Bin\..\include\stdint.h(271): error:  #36: the #if for this directive is missing
    #endif /* __STDINT_DECLS */
C:\Keil_v5\ARM\ARMCC\Bin\..\include\stdint.h(309): error:  #36: the #if for this directive is missing
  #endif /* __stdint_h */
C:\Keil_v5\ARM\ARMCC\Bin\..\include\stdint.h(271): error:  #36: the #if for this directive is missing
    #endif /* __STDINT_DECLS */
C:\Keil_v5\ARM\ARMCC\Bin\..\include\stdint.h(309): error:  #36: the #if for this directive is missing
  #endif /* __stdint_h */
C:\Keil_v5\ARM\ARMCC\Bin\..\include\stdio.h(135): error:  #36: the #if for this directive is missing
  #endif
C:\Keil_v5\ARM\ARMCC\Bin\..\include\stdio.h(908): error:  #36: the #if for this directive is missing
    #endif /* __STDIO_DECLS */
C:\Keil_v5\ARM\ARMCC\Bin\..\include\stdio.h(915): error:  #65: expected a ";"
      using ::std::size_t;
C:\Keil_v5\ARM\ARMCC\Bin\..\include\stdio.h(916): error:  #65: expected a ";"
      using ::std::fpos_t;
C:\Keil_v5\ARM\ARMCC\Bin\..\include\stdio.h(917): error:  #65: expected a ";"
      using ::std::FILE;
C:\Keil_v5\ARM\ARMCC\Bin\..\include\stdio.h(918): error:  #65: expected a ";"
      using ::std::remove;
C:\Keil_v5\ARM\ARMCC\Bin\..\include\stdio.h(919): error:  #65: expected a ";"
      using ::std::rename;
C:\Keil_v5\ARM\ARMCC\Bin\..\include\stdio.h(920): error:  #65: expected a ";"
      using ::std::tmpfile;
C:\Keil_v5\ARM\ARMCC\Bin\..\include\stdio.h(921): error:  #65: expected a ";"
      using ::std::tmpnam;
C:\Keil_v5\ARM\ARMCC\Bin\..\include\stdio.h(922): error:  #65: expected a ";"
      using ::std::fclose;
C:\Keil_v5\ARM\ARMCC\Bin\..\include\stdio.h(923): error:  #65: expected a ";"
      using ::std::fflush;
C:\Keil_v5\ARM\ARMCC\Bin\..\include\stdio.h(924): error:  #65: expected a ";"
      using ::std::fopen;
C:\Keil_v5\ARM\ARMCC\Bin\..\include\stdio.h(925): error:  #65: expected a ";"
      using ::std::freopen;
C:\Keil_v5\ARM\ARMCC\Bin\..\include\stdio.h(926): error:  #65: expected a ";"
      using ::std::setbuf;
C:\Keil_v5\ARM\ARMCC\Bin\..\include\stdio.h(927): error:  #65: expected a ";"
      using ::std::setvbuf;
C:\Keil_v5\ARM\ARMCC\Bin\..\include\stdio.h(928): error:  #65: expected a ";"
      using ::std::fprintf;
C:\Keil_v5\ARM\ARMCC\Bin\..\include\stdio.h(929): error:  #65: expected a ";"
      using ::std::_fprintf;
C:\Keil_v5\ARM\ARMCC\Bin\..\include\stdio.h(930): error:  #65: expected a ";"
      using ::std::printf;
C:\Keil_v5\ARM\ARMCC\Bin\..\include\stdio.h(931): error:  #65: expected a ";"
      using ::std::_printf;
C:\Keil_v5\ARM\ARMCC\Bin\..\include\stdio.h(932): error:  #65: expected a ";"
      using ::std::sprintf;
C:\Keil_v5\ARM\ARMCC\Bin\..\include\stdio.h(933): error:  #65: expected a ";"
      using ::std::_sprintf;
C:\Keil_v5\ARM\ARMCC\Bin\..\include\stdio.h(935): error:  #65: expected a ";"
        using ::std::snprintf;
C:\Keil_v5\ARM\ARMCC\Bin\..\include\stdio.h(936): error:  #65: expected a ";"
        using ::std::vsnprintf;
C:\Keil_v5\ARM\ARMCC\Bin\..\include\stdio.h(937): error:  #65: expected a ";"
        using ::std::vfscanf;
C:\Keil_v5\ARM\ARMCC\Bin\..\include\stdio.h(938): error:  #65: expected a ";"
        using ::std::vscanf;
C:\Keil_v5\ARM\ARMCC\Bin\..\include\stdio.h(939): error:  #65: expected a ";"
        using ::std::vsscanf;
main.c: 0 warnings, 30 errors
compiling stm32f10x_it.c...
C:\Keil_v5\ARM\ARMCC\Bin\..\include\stdint.h(271): error:  #36: the #if for this directive is missing
    #endif /* __STDINT_DECLS */
C:\Keil_v5\ARM\ARMCC\Bin\..\include\stdint.h(309): error:  #36: the #if for this directive is missing
  #endif /* __stdint_h */
C:\Keil_v5\ARM\ARMCC\Bin\..\include\stdint.h(271): error:  #36: the #if for this directive is missing
    #endif /* __STDINT_DECLS */
C:\Keil_v5\ARM\ARMCC\Bin\..\include\stdint.h(309): error:  #36: the #if for this directive is missing
  #endif /* __stdint_h */
stm32f10x_it.c: 0 warnings, 4 errors
compiling system_stm32f10x.c...
C:\Keil_v5\ARM\ARMCC\Bin\..\include\stdint.h(271): error:  #36: the #if for this directive is missing
    #endif /* __STDINT_DECLS */
C:\Keil_v5\ARM\ARMCC\Bin\..\include\stdint.h(309): error:  #36: the #if for this directive is missing
  #endif /* __stdint_h */
C:\Keil_v5\ARM\ARMCC\Bin\..\include\stdint.h(271): error:  #36: the #if for this directive is missing
    #endif /* __STDINT_DECLS */
C:\Keil_v5\ARM\ARMCC\Bin\..\include\stdint.h(309): error:  #36: the #if for this directive is missing
  #endif /* __stdint_h */
system_stm32f10x.c: 0 warnings, 4 errors
compiling usart.c...
C:\Keil_v5\ARM\ARMCC\Bin\..\include\stdint.h(271): error:  #36: the #if for this directive is missing
    #endif /* __STDINT_DECLS */
*** Process terminated.

*** Performing Cross-Module-Optimization:
*** Feedback file '..\OBJ\TEST.fed' not found.

<h2>Collection of Component include folders:</h2>
  D:\单片机学习\STM32F1\UCOSIII\UCOSIII_F1\USER\RTE
  C:\Keil_v5\ARM\PACK\Keil\STM32F1xx_DFP\1.0.5\Device\Include

<h2>Collection of Component Files used:</h2>
Project build/rebuild aborted.
</pre>
</body>
</html>
